# JRE version: OpenJDK Runtime Environment (11.0.10) (build 11.0.10+0-b96-7249189)
# Java VM: OpenJDK 64-Bit Server VM (11.0.10+0-b96-7249189, mixed mode, tiered, compressed oops, g1 gc, windows-amd64)
Heap:
 garbage-first heap   total 193536K, used 27359K [0x0000000081400000, 0x0000000100000000)
  region size 1024K, 10 young (10240K), 10 survivors (10240K)
 Metaspace       used 44849K, capacity 45291K, committed 45672K, reserved 1089536K
  class space    used 5273K, capacity 5429K, committed 5536K, reserved 1048576K
GC Heap History (9 events):
Event: 0.753 GC heap before
{Heap before GC invocations=0 (full 0):
 garbage-first heap   total 131072K, used 17408K [0x0000000081400000, 0x0000000100000000)
  region size 1024K, 14 young (14336K), 0 survivors (0K)
 Metaspace       used 9969K, capacity 10088K, committed 10112K, reserved 1058816K
  class space    used 846K, capacity 894K, committed 896K, reserved 1048576K
}
Event: 0.787 GC heap after
{Heap after GC invocations=1 (full 0):
 garbage-first heap   total 131072K, used 5160K [0x0000000081400000, 0x0000000100000000)
  region size 1024K, 2 young (2048K), 2 survivors (2048K)
 Metaspace       used 9969K, capacity 10088K, committed 10112K, reserved 1058816K
  class space    used 846K, capacity 894K, committed 896K, reserved 1048576K
}
Event: 2.174 GC heap before
{Heap before GC invocations=1 (full 0):
 garbage-first heap   total 131072K, used 52264K [0x0000000081400000, 0x0000000100000000)
  region size 1024K, 49 young (50176K), 2 survivors (2048K)
 Metaspace       used 20983K, capacity 21166K, committed 21248K, reserved 1069056K
  class space    used 2218K, capacity 2286K, committed 2304K, reserved 1048576K
}
Event: 2.195 GC heap after
{Heap after GC invocations=2 (full 0):
 garbage-first heap   total 131072K, used 9488K [0x0000000081400000, 0x0000000100000000)
  region size 1024K, 7 young (7168K), 7 survivors (7168K)
 Metaspace       used 20983K, capacity 21166K, committed 21248K, reserved 1069056K
  class space    used 2218K, capacity 2286K, committed 2304K, reserved 1048576K
}
Event: 3.687 GC heap before
{Heap before GC invocations=3 (full 0):
 garbage-first heap   total 131072K, used 65808K [0x0000000081400000, 0x0000000100000000)
  region size 1024K, 56 young (57344K), 7 survivors (7168K)
 Metaspace       used 31207K, capacity 31574K, committed 31868K, reserved 1077248K
  class space    used 3487K, capacity 3658K, committed 3712K, reserved 1048576K
}
Event: 3.715 GC heap after
{Heap after GC invocations=4 (full 0):
 garbage-first heap   total 131072K, used 15971K [0x0000000081400000, 0x0000000100000000)
  region size 1024K, 7 young (7168K), 7 survivors (7168K)
 Metaspace       used 31207K, capacity 31574K, committed 31868K, reserved 1077248K
  class space    used 3487K, capacity 3658K, committed 3712K, reserved 1048576K
}
Event: 4.182 GC heap before
{Heap before GC invocations=4 (full 0):
 garbage-first heap   total 131072K, used 36451K [0x0000000081400000, 0x0000000100000000)
  region size 1024K, 28 young (28672K), 7 survivors (7168K)
 Metaspace       used 35546K, capacity 35917K, committed 36048K, reserved 1081344K
  class space    used 4104K, capacity 4272K, committed 4308K, reserved 1048576K
}
Event: 4.215 GC heap after
{Heap after GC invocations=5 (full 0):
 garbage-first heap   total 131072K, used 18696K [0x0000000081400000, 0x0000000100000000)
  region size 1024K, 3 young (3072K), 3 survivors (3072K)
 Metaspace       used 35546K, capacity 35917K, committed 36048K, reserved 1081344K
  class space    used 4104K, capacity 4272K, committed 4308K, reserved 1048576K
}
Event: 6.079 GC heap before
{Heap before GC invocations=6 (full 0):
 garbage-first heap   total 131072K, used 93448K [0x0000000081400000, 0x0000000100000000)
  region size 1024K, 73 young (74752K), 3 survivors (3072K)
 Metaspace       used 44849K, capacity 45291K, committed 45672K, reserved 1089536K
  class space    used 5273K, capacity 5429K, committed 5536K, reserved 1048576K
}

