# JRE version: OpenJDK Runtime Environment (11.0.10) (build 11.0.10+0-b96-7249189)
# Java VM: OpenJDK 64-Bit Server VM (11.0.10+0-b96-7249189, mixed mode, tiered, compressed oops, g1 gc, windows-amd64)
Heap:
 garbage-first heap   total 157696K, used 88252K [0x0000000080000000, 0x0000000100000000)
  region size 1024K, 70 young (71680K), 7 survivors (7168K)
 Metaspace       used 43607K, capacity 44662K, committed 44920K, reserved 1087488K
  class space    used 5570K, capacity 5991K, committed 6092K, reserved 1048576K
GC Heap History (16 events):
Event: 0.979 GC heap before
{Heap before GC invocations=0 (full 0):
 garbage-first heap   total 131072K, used 19456K [0x0000000080000000, 0x0000000100000000)
  region size 1024K, 14 young (14336K), 0 survivors (0K)
 Metaspace       used 7576K, capacity 7729K, committed 7936K, reserved 1056768K
  class space    used 706K, capacity 749K, committed 768K, reserved 1048576K
}
Event: 0.985 GC heap after
{Heap after GC invocations=1 (full 0):
 garbage-first heap   total 131072K, used 7677K [0x0000000080000000, 0x0000000100000000)
  region size 1024K, 2 young (2048K), 2 survivors (2048K)
 Metaspace       used 7576K, capacity 7729K, committed 7936K, reserved 1056768K
  class space    used 706K, capacity 749K, committed 768K, reserved 1048576K
}
Event: 1.506 GC heap before
{Heap before GC invocations=1 (full 0):
 garbage-first heap   total 131072K, used 19965K [0x0000000080000000, 0x0000000100000000)
  region size 1024K, 14 young (14336K), 2 survivors (2048K)
 Metaspace       used 10494K, capacity 10757K, committed 11008K, reserved 1058816K
  class space    used 1101K, capacity 1164K, committed 1280K, reserved 1048576K
}
Event: 1.511 GC heap after
{Heap after GC invocations=2 (full 0):
 garbage-first heap   total 131072K, used 8528K [0x0000000080000000, 0x0000000100000000)
  region size 1024K, 1 young (1024K), 1 survivors (1024K)
 Metaspace       used 10494K, capacity 10757K, committed 11008K, reserved 1058816K
  class space    used 1101K, capacity 1164K, committed 1280K, reserved 1048576K
}
Event: 2.078 GC heap before
{Heap before GC invocations=2 (full 0):
 garbage-first heap   total 131072K, used 37200K [0x0000000080000000, 0x0000000100000000)
  region size 1024K, 30 young (30720K), 1 survivors (1024K)
 Metaspace       used 10762K, capacity 11037K, committed 11264K, reserved 1058816K
  class space    used 1133K, capacity 1236K, committed 1280K, reserved 1048576K
}
Event: 2.083 GC heap after
{Heap after GC invocations=3 (full 0):
 garbage-first heap   total 131072K, used 12721K [0x0000000080000000, 0x0000000100000000)
  region size 1024K, 4 young (4096K), 4 survivors (4096K)
 Metaspace       used 10762K, capacity 11037K, committed 11264K, reserved 1058816K
  class space    used 1133K, capacity 1236K, committed 1280K, reserved 1048576K
}
Event: 3.954 GC heap before
{Heap before GC invocations=3 (full 0):
 garbage-first heap   total 131072K, used 54705K [0x0000000080000000, 0x0000000100000000)
  region size 1024K, 45 young (46080K), 4 survivors (4096K)
 Metaspace       used 19471K, capacity 19903K, committed 19968K, reserved 1067008K
  class space    used 2360K, capacity 2500K, committed 2560K, reserved 1048576K
}
Event: 3.965 GC heap after
{Heap after GC invocations=4 (full 0):
 garbage-first heap   total 131072K, used 15680K [0x0000000080000000, 0x0000000100000000)
  region size 1024K, 3 young (3072K), 3 survivors (3072K)
 Metaspace       used 19471K, capacity 19903K, committed 19968K, reserved 1067008K
  class space    used 2360K, capacity 2500K, committed 2560K, reserved 1048576K
}
Event: 4.070 GC heap before
{Heap before GC invocations=4 (full 0):
 garbage-first heap   total 131072K, used 20800K [0x0000000080000000, 0x0000000100000000)
  region size 1024K, 8 young (8192K), 3 survivors (3072K)
 Metaspace       used 20614K, capacity 21038K, committed 21248K, reserved 1069056K
  class space    used 2424K, capacity 2541K, committed 2560K, reserved 1048576K
}
Event: 4.078 GC heap after
{Heap after GC invocations=5 (full 0):
 garbage-first heap   total 131072K, used 15859K [0x0000000080000000, 0x0000000100000000)
  region size 1024K, 3 young (3072K), 3 survivors (3072K)
 Metaspace       used 20614K, capacity 21038K, committed 21248K, reserved 1069056K
  class space    used 2424K, capacity 2541K, committed 2560K, reserved 1048576K
}
Event: 5.305 GC heap before
{Heap before GC invocations=6 (full 0):
 garbage-first heap   total 131072K, used 62963K [0x0000000080000000, 0x0000000100000000)
  region size 1024K, 49 young (50176K), 3 survivors (3072K)
 Metaspace       used 26327K, capacity 26873K, committed 27136K, reserved 1073152K
  class space    used 3365K, capacity 3553K, committed 3584K, reserved 1048576K
}
Event: 5.314 GC heap after
{Heap after GC invocations=7 (full 0):
 garbage-first heap   total 131072K, used 17718K [0x0000000080000000, 0x0000000100000000)
  region size 1024K, 5 young (5120K), 5 survivors (5120K)
 Metaspace       used 26327K, capacity 26873K, committed 27136K, reserved 1073152K
  class space    used 3365K, capacity 3553K, committed 3584K, reserved 1048576K
}
Event: 6.783 GC heap before
{Heap before GC invocations=7 (full 0):
 garbage-first heap   total 131072K, used 60726K [0x0000000080000000, 0x0000000100000000)
  region size 1024K, 49 young (50176K), 5 survivors (5120K)
 Metaspace       used 34820K, capacity 35495K, committed 35628K, reserved 1081344K
  class space    used 4448K, capacity 4706K, committed 4736K, reserved 1048576K
}
Event: 6.802 GC heap after
{Heap after GC invocations=8 (full 0):
 garbage-first heap   total 157696K, used 20974K [0x0000000080000000, 0x0000000100000000)
  region size 1024K, 6 young (6144K), 6 survivors (6144K)
 Metaspace       used 34820K, capacity 35495K, committed 35628K, reserved 1081344K
  class space    used 4448K, capacity 4706K, committed 4736K, reserved 1048576K
}
Event: 8.671 GC heap before
{Heap before GC invocations=9 (full 0):
 garbage-first heap   total 157696K, used 83438K [0x0000000080000000, 0x0000000100000000)
  region size 1024K, 64 young (65536K), 6 survivors (6144K)
 Metaspace       used 40109K, capacity 41064K, committed 41336K, reserved 1085440K
  class space    used 5124K, capacity 5486K, committed 5580K, reserved 1048576K
}
Event: 8.688 GC heap after
{Heap after GC invocations=10 (full 0):
 garbage-first heap   total 157696K, used 24764K [0x0000000080000000, 0x0000000100000000)
  region size 1024K, 7 young (7168K), 7 survivors (7168K)
 Metaspace       used 40109K, capacity 41064K, committed 41336K, reserved 1085440K
  class space    used 5124K, capacity 5486K, committed 5580K, reserved 1048576K
}

