# JRE version: OpenJDK Runtime Environment (11.0.10) (build 11.0.10+0-b96-7249189)
# Java VM: OpenJDK 64-Bit Server VM (11.0.10+0-b96-7249189, mixed mode, tiered, compressed oops, g1 gc, windows-amd64)
Heap:
 garbage-first heap   total 157696K, used 33837K [0x0000000080000000, 0x0000000100000000)
  region size 1024K, 8 young (8192K), 8 survivors (8192K)
 Metaspace       used 34805K, capacity 35540K, committed 35628K, reserved 1081344K
  class space    used 4441K, capacity 4730K, committed 4736K, reserved 1048576K
GC Heap History (13 events):
Event: 0.878 GC heap before
{Heap before GC invocations=0 (full 0):
 garbage-first heap   total 131072K, used 19456K [0x0000000080000000, 0x0000000100000000)
  region size 1024K, 14 young (14336K), 0 survivors (0K)
 Metaspace       used 7580K, capacity 7729K, committed 7936K, reserved 1056768K
  class space    used 706K, capacity 749K, committed 768K, reserved 1048576K
}
Event: 0.883 GC heap after
{Heap after GC invocations=1 (full 0):
 garbage-first heap   total 131072K, used 7920K [0x0000000080000000, 0x0000000100000000)
  region size 1024K, 2 young (2048K), 2 survivors (2048K)
 Metaspace       used 7580K, capacity 7729K, committed 7936K, reserved 1056768K
  class space    used 706K, capacity 749K, committed 768K, reserved 1048576K
}
Event: 1.401 GC heap before
{Heap before GC invocations=1 (full 0):
 garbage-first heap   total 131072K, used 19184K [0x0000000080000000, 0x0000000100000000)
  region size 1024K, 13 young (13312K), 2 survivors (2048K)
 Metaspace       used 10487K, capacity 10757K, committed 11008K, reserved 1058816K
  class space    used 1101K, capacity 1164K, committed 1280K, reserved 1048576K
}
Event: 1.405 GC heap after
{Heap after GC invocations=2 (full 0):
 garbage-first heap   total 131072K, used 8464K [0x0000000080000000, 0x0000000100000000)
  region size 1024K, 1 young (1024K), 1 survivors (1024K)
 Metaspace       used 10487K, capacity 10757K, committed 11008K, reserved 1058816K
  class space    used 1101K, capacity 1164K, committed 1280K, reserved 1048576K
}
Event: 2.195 GC heap before
{Heap before GC invocations=2 (full 0):
 garbage-first heap   total 131072K, used 36112K [0x0000000080000000, 0x0000000100000000)
  region size 1024K, 29 young (29696K), 1 survivors (1024K)
 Metaspace       used 10710K, capacity 10973K, committed 11264K, reserved 1058816K
  class space    used 1120K, capacity 1236K, committed 1280K, reserved 1048576K
}
Event: 2.199 GC heap after
{Heap after GC invocations=3 (full 0):
 garbage-first heap   total 131072K, used 12821K [0x0000000080000000, 0x0000000100000000)
  region size 1024K, 4 young (4096K), 4 survivors (4096K)
 Metaspace       used 10710K, capacity 10973K, committed 11264K, reserved 1058816K
  class space    used 1120K, capacity 1236K, committed 1280K, reserved 1048576K
}
Event: 4.072 GC heap before
{Heap before GC invocations=3 (full 0):
 garbage-first heap   total 131072K, used 53781K [0x0000000080000000, 0x0000000100000000)
  region size 1024K, 44 young (45056K), 4 survivors (4096K)
 Metaspace       used 19175K, capacity 19588K, committed 19712K, reserved 1067008K
  class space    used 2320K, capacity 2469K, committed 2560K, reserved 1048576K
}
Event: 4.084 GC heap after
{Heap after GC invocations=4 (full 0):
 garbage-first heap   total 131072K, used 15486K [0x0000000080000000, 0x0000000100000000)
  region size 1024K, 3 young (3072K), 3 survivors (3072K)
 Metaspace       used 19175K, capacity 19588K, committed 19712K, reserved 1067008K
  class space    used 2320K, capacity 2469K, committed 2560K, reserved 1048576K
}
Event: 4.242 GC heap before
{Heap before GC invocations=4 (full 0):
 garbage-first heap   total 131072K, used 22654K [0x0000000080000000, 0x0000000100000000)
  region size 1024K, 10 young (10240K), 3 survivors (3072K)
 Metaspace       used 20643K, capacity 21095K, committed 21248K, reserved 1069056K
  class space    used 2424K, capacity 2545K, committed 2560K, reserved 1048576K
}
Event: 4.250 GC heap after
{Heap after GC invocations=5 (full 0):
 garbage-first heap   total 131072K, used 15745K [0x0000000080000000, 0x0000000100000000)
  region size 1024K, 4 young (4096K), 4 survivors (4096K)
 Metaspace       used 20643K, capacity 21095K, committed 21248K, reserved 1069056K
  class space    used 2424K, capacity 2545K, committed 2560K, reserved 1048576K
}
Event: 5.342 GC heap before
{Heap before GC invocations=6 (full 0):
 garbage-first heap   total 131072K, used 65921K [0x0000000080000000, 0x0000000100000000)
  region size 1024K, 49 young (50176K), 4 survivors (4096K)
 Metaspace       used 25957K, capacity 26535K, committed 26880K, reserved 1073152K
  class space    used 3289K, capacity 3490K, committed 3584K, reserved 1048576K
}
Event: 5.352 GC heap after
{Heap after GC invocations=7 (full 0):
 garbage-first heap   total 131072K, used 23669K [0x0000000080000000, 0x0000000100000000)
  region size 1024K, 6 young (6144K), 6 survivors (6144K)
 Metaspace       used 25957K, capacity 26535K, committed 26880K, reserved 1073152K
  class space    used 3289K, capacity 3490K, committed 3584K, reserved 1048576K
}
Event: 6.839 GC heap before
{Heap before GC invocations=7 (full 0):
 garbage-first heap   total 131072K, used 79989K [0x0000000080000000, 0x0000000100000000)
  region size 1024K, 58 young (59392K), 6 survivors (6144K)
 Metaspace       used 34805K, capacity 35540K, committed 35628K, reserved 1081344K
  class space    used 4441K, capacity 4730K, committed 4736K, reserved 1048576K
}

