# JRE version: OpenJDK Runtime Environment (11.0.10) (build 11.0.10+0-b96-7249189)
# Java VM: OpenJDK 64-Bit Server VM (11.0.10+0-b96-7249189, mixed mode, tiered, compressed oops, g1 gc, windows-amd64)
Heap:
 garbage-first heap   total 331776K, used 229737K [0x0000000080000000, 0x0000000100000000)
  region size 1024K, 2 young (2048K), 2 survivors (2048K)
 Metaspace       used 158327K, capacity 162882K, committed 163016K, reserved 1191936K
  class space    used 19106K, capacity 20689K, committed 20736K, reserved 1048576K
GC Heap History (20 events):
Event: 576.332 GC heap after
{Heap after GC invocations=79 (full 0):
 garbage-first heap   total 227328K, used 175616K [0x0000000080000000, 0x0000000100000000)
  region size 1024K, 2 young (2048K), 2 survivors (2048K)
 Metaspace       used 150963K, capacity 155287K, committed 155592K, reserved 1185792K
  class space    used 18098K, capacity 19621K, committed 19712K, reserved 1048576K
}
Event: 576.810 GC heap before
{Heap before GC invocations=79 (full 0):
 garbage-first heap   total 227328K, used 186880K [0x0000000080000000, 0x0000000100000000)
  region size 1024K, 14 young (14336K), 2 survivors (2048K)
 Metaspace       used 152069K, capacity 156397K, committed 156488K, reserved 1185792K
  class space    used 18242K, capacity 19754K, committed 19840K, reserved 1048576K
}
Event: 576.830 GC heap after
{Heap after GC invocations=80 (full 0):
 garbage-first heap   total 227328K, used 181137K [0x0000000080000000, 0x0000000100000000)
  region size 1024K, 2 young (2048K), 2 survivors (2048K)
 Metaspace       used 152069K, capacity 156397K, committed 156488K, reserved 1185792K
  class space    used 18242K, capacity 19754K, committed 19840K, reserved 1048576K
}
Event: 577.197 GC heap before
{Heap before GC invocations=80 (full 0):
 garbage-first heap   total 227328K, used 191377K [0x0000000080000000, 0x0000000100000000)
  region size 1024K, 12 young (12288K), 2 survivors (2048K)
 Metaspace       used 153995K, capacity 158352K, committed 158536K, reserved 1187840K
  class space    used 18542K, capacity 20083K, committed 20096K, reserved 1048576K
}
Event: 577.202 GC heap after
{Heap after GC invocations=81 (full 0):
 garbage-first heap   total 227328K, used 182402K [0x0000000080000000, 0x0000000100000000)
  region size 1024K, 1 young (1024K), 1 survivors (1024K)
 Metaspace       used 153995K, capacity 158352K, committed 158536K, reserved 1187840K
  class space    used 18542K, capacity 20083K, committed 20096K, reserved 1048576K
}
Event: 577.797 GC heap before
{Heap before GC invocations=82 (full 0):
 garbage-first heap   total 227328K, used 192642K [0x0000000080000000, 0x0000000100000000)
  region size 1024K, 11 young (11264K), 1 survivors (1024K)
 Metaspace       used 155167K, capacity 159546K, committed 159688K, reserved 1189888K
  class space    used 18676K, capacity 20223K, committed 20224K, reserved 1048576K
}
Event: 577.802 GC heap after
{Heap after GC invocations=83 (full 0):
 garbage-first heap   total 227328K, used 183497K [0x0000000080000000, 0x0000000100000000)
  region size 1024K, 2 young (2048K), 2 survivors (2048K)
 Metaspace       used 155167K, capacity 159546K, committed 159688K, reserved 1189888K
  class space    used 18676K, capacity 20223K, committed 20224K, reserved 1048576K
}
Event: 578.041 GC heap before
{Heap before GC invocations=83 (full 0):
 garbage-first heap   total 227328K, used 192713K [0x0000000080000000, 0x0000000100000000)
  region size 1024K, 11 young (11264K), 2 survivors (2048K)
 Metaspace       used 156843K, capacity 161331K, committed 161480K, reserved 1189888K
  class space    used 18914K, capacity 20478K, committed 20480K, reserved 1048576K
}
Event: 578.056 GC heap after
{Heap after GC invocations=84 (full 0):
 garbage-first heap   total 227328K, used 181441K [0x0000000080000000, 0x0000000100000000)
  region size 1024K, 1 young (1024K), 1 survivors (1024K)
 Metaspace       used 156843K, capacity 161331K, committed 161480K, reserved 1189888K
  class space    used 18914K, capacity 20478K, committed 20480K, reserved 1048576K
}
Event: 578.302 GC heap before
{Heap before GC invocations=84 (full 0):
 garbage-first heap   total 227328K, used 192705K [0x0000000080000000, 0x0000000100000000)
  region size 1024K, 12 young (12288K), 1 survivors (1024K)
 Metaspace       used 157425K, capacity 161916K, committed 162120K, reserved 1191936K
  class space    used 19013K, capacity 20567K, committed 20608K, reserved 1048576K
}
Event: 578.311 GC heap after
{Heap after GC invocations=85 (full 0):
 garbage-first heap   total 273408K, used 182641K [0x0000000080000000, 0x0000000100000000)
  region size 1024K, 2 young (2048K), 2 survivors (2048K)
 Metaspace       used 157425K, capacity 161916K, committed 162120K, reserved 1191936K
  class space    used 19013K, capacity 20567K, committed 20608K, reserved 1048576K
}
Event: 579.161 GC heap before
{Heap before GC invocations=86 (full 0):
 garbage-first heap   total 273408K, used 215409K [0x0000000080000000, 0x0000000100000000)
  region size 1024K, 32 young (32768K), 2 survivors (2048K)
 Metaspace       used 157643K, capacity 162122K, committed 162376K, reserved 1191936K
  class space    used 19015K, capacity 20567K, committed 20608K, reserved 1048576K
}
Event: 579.181 GC heap after
{Heap after GC invocations=87 (full 0):
 garbage-first heap   total 273408K, used 198656K [0x0000000080000000, 0x0000000100000000)
  region size 1024K, 4 young (4096K), 4 survivors (4096K)
 Metaspace       used 157643K, capacity 162122K, committed 162376K, reserved 1191936K
  class space    used 19015K, capacity 20567K, committed 20608K, reserved 1048576K
}
Event: 579.278 GC heap before
{Heap before GC invocations=87 (full 0):
 garbage-first heap   total 273408K, used 219136K [0x0000000080000000, 0x0000000100000000)
  region size 1024K, 24 young (24576K), 4 survivors (4096K)
 Metaspace       used 157643K, capacity 162122K, committed 162376K, reserved 1191936K
  class space    used 19015K, capacity 20567K, committed 20608K, reserved 1048576K
}
Event: 579.304 GC heap after
{Heap after GC invocations=88 (full 0):
 garbage-first heap   total 273408K, used 213635K [0x0000000080000000, 0x0000000100000000)
  region size 1024K, 3 young (3072K), 3 survivors (3072K)
 Metaspace       used 157643K, capacity 162122K, committed 162376K, reserved 1191936K
  class space    used 19015K, capacity 20567K, committed 20608K, reserved 1048576K
}
Event: 579.984 GC heap before
{Heap before GC invocations=88 (full 0):
 garbage-first heap   total 273408K, used 225923K [0x0000000080000000, 0x0000000100000000)
  region size 1024K, 15 young (15360K), 3 survivors (3072K)
 Metaspace       used 157808K, capacity 162355K, committed 162376K, reserved 1191936K
  class space    used 19022K, capacity 20601K, committed 20608K, reserved 1048576K
}
Event: 580.000 GC heap after
{Heap after GC invocations=89 (full 0):
 garbage-first heap   total 273408K, used 216893K [0x0000000080000000, 0x0000000100000000)
  region size 1024K, 2 young (2048K), 2 survivors (2048K)
 Metaspace       used 157808K, capacity 162355K, committed 162376K, reserved 1191936K
  class space    used 19022K, capacity 20601K, committed 20608K, reserved 1048576K
}
Event: 580.488 GC heap before
{Heap before GC invocations=90 (full 0):
 garbage-first heap   total 273408K, used 229181K [0x0000000080000000, 0x0000000100000000)
  region size 1024K, 14 young (14336K), 2 survivors (2048K)
 Metaspace       used 158327K, capacity 162882K, committed 163016K, reserved 1191936K
  class space    used 19106K, capacity 20689K, committed 20736K, reserved 1048576K
}
Event: 580.498 GC heap after
{Heap after GC invocations=91 (full 0):
 garbage-first heap   total 273408K, used 217660K [0x0000000080000000, 0x0000000100000000)
  region size 1024K, 1 young (1024K), 1 survivors (1024K)
 Metaspace       used 158327K, capacity 162882K, committed 163016K, reserved 1191936K
  class space    used 19106K, capacity 20689K, committed 20736K, reserved 1048576K
}
Event: 580.566 GC heap before
{Heap before GC invocations=91 (full 0):
 garbage-first heap   total 273408K, used 228924K [0x0000000080000000, 0x0000000100000000)
  region size 1024K, 13 young (13312K), 1 survivors (1024K)
 Metaspace       used 158327K, capacity 162882K, committed 163016K, reserved 1191936K
  class space    used 19106K, capacity 20689K, committed 20736K, reserved 1048576K
}

