# JRE version: OpenJDK Runtime Environment (11.0.10) (build 11.0.10+0-b96-7249189)
# Java VM: OpenJDK 64-Bit Server VM (11.0.10+0-b96-7249189, mixed mode, tiered, compressed oops, g1 gc, windows-amd64)
Heap:
 garbage-first heap   total 131072K, used 58087K [0x0000000080000000, 0x0000000100000000)
  region size 1024K, 45 young (46080K), 3 survivors (3072K)
 Metaspace       used 25855K, capacity 26505K, committed 26624K, reserved 1073152K
  class space    used 3279K, capacity 3482K, committed 3584K, reserved 1048576K
GC Heap History (10 events):
Event: 3.315 GC heap before
{Heap before GC invocations=0 (full 0):
 garbage-first heap   total 131072K, used 19456K [0x0000000080000000, 0x0000000100000000)
  region size 1024K, 14 young (14336K), 0 survivors (0K)
 Metaspace       used 7585K, capacity 7733K, committed 7936K, reserved 1056768K
  class space    used 706K, capacity 749K, committed 768K, reserved 1048576K
}
Event: 3.427 GC heap after
{Heap after GC invocations=1 (full 0):
 garbage-first heap   total 131072K, used 8207K [0x0000000080000000, 0x0000000100000000)
  region size 1024K, 2 young (2048K), 2 survivors (2048K)
 Metaspace       used 7585K, capacity 7733K, committed 7936K, reserved 1056768K
  class space    used 706K, capacity 749K, committed 768K, reserved 1048576K
}
Event: 4.412 GC heap before
{Heap before GC invocations=1 (full 0):
 garbage-first heap   total 131072K, used 20495K [0x0000000080000000, 0x0000000100000000)
  region size 1024K, 14 young (14336K), 2 survivors (2048K)
 Metaspace       used 10523K, capacity 10761K, committed 11008K, reserved 1058816K
  class space    used 1101K, capacity 1164K, committed 1280K, reserved 1048576K
}
Event: 4.417 GC heap after
{Heap after GC invocations=2 (full 0):
 garbage-first heap   total 131072K, used 8968K [0x0000000080000000, 0x0000000100000000)
  region size 1024K, 1 young (1024K), 1 survivors (1024K)
 Metaspace       used 10523K, capacity 10761K, committed 11008K, reserved 1058816K
  class space    used 1101K, capacity 1164K, committed 1280K, reserved 1048576K
}
Event: 5.591 GC heap before
{Heap before GC invocations=2 (full 0):
 garbage-first heap   total 131072K, used 37640K [0x0000000080000000, 0x0000000100000000)
  region size 1024K, 30 young (30720K), 1 survivors (1024K)
 Metaspace       used 10794K, capacity 11105K, committed 11264K, reserved 1058816K
  class space    used 1133K, capacity 1236K, committed 1280K, reserved 1048576K
}
Event: 5.596 GC heap after
{Heap after GC invocations=3 (full 0):
 garbage-first heap   total 131072K, used 13220K [0x0000000080000000, 0x0000000100000000)
  region size 1024K, 4 young (4096K), 4 survivors (4096K)
 Metaspace       used 10794K, capacity 11105K, committed 11264K, reserved 1058816K
  class space    used 1133K, capacity 1236K, committed 1280K, reserved 1048576K
}
Event: 12.401 GC heap before
{Heap before GC invocations=3 (full 0):
 garbage-first heap   total 131072K, used 55204K [0x0000000080000000, 0x0000000100000000)
  region size 1024K, 45 young (46080K), 4 survivors (4096K)
 Metaspace       used 19740K, capacity 20162K, committed 20224K, reserved 1067008K
  class space    used 2372K, capacity 2511K, committed 2560K, reserved 1048576K
}
Event: 12.460 GC heap after
{Heap after GC invocations=4 (full 0):
 garbage-first heap   total 131072K, used 16282K [0x0000000080000000, 0x0000000100000000)
  region size 1024K, 4 young (4096K), 4 survivors (4096K)
 Metaspace       used 19740K, capacity 20162K, committed 20224K, reserved 1067008K
  class space    used 2372K, capacity 2511K, committed 2560K, reserved 1048576K
}
Event: 12.554 GC heap before
{Heap before GC invocations=4 (full 0):
 garbage-first heap   total 131072K, used 19354K [0x0000000080000000, 0x0000000100000000)
  region size 1024K, 8 young (8192K), 4 survivors (4096K)
 Metaspace       used 20664K, capacity 21099K, committed 21248K, reserved 1069056K
  class space    used 2425K, capacity 2545K, committed 2560K, reserved 1048576K
}
Event: 12.562 GC heap after
{Heap after GC invocations=5 (full 0):
 garbage-first heap   total 131072K, used 16103K [0x0000000080000000, 0x0000000100000000)
  region size 1024K, 3 young (3072K), 3 survivors (3072K)
 Metaspace       used 20664K, capacity 21099K, committed 21248K, reserved 1069056K
  class space    used 2425K, capacity 2545K, committed 2560K, reserved 1048576K
}

