# JRE version: OpenJDK Runtime Environment (11.0.10) (build 11.0.10+0-b96-7249189)
# Java VM: OpenJDK 64-Bit Server VM (11.0.10+0-b96-7249189, mixed mode, tiered, compressed oops, g1 gc, windows-amd64)
Heap:
 garbage-first heap   total 157696K, used 25511K [0x0000000080000000, 0x0000000100000000)
  region size 1024K, 7 young (7168K), 7 survivors (7168K)
 Metaspace       used 41007K, capacity 41902K, committed 42192K, reserved 1085440K
  class space    used 5264K, capacity 5594K, committed 5632K, reserved 1048576K
GC Heap History (15 events):
Event: 1.470 GC heap before
{Heap before GC invocations=0 (full 0):
 garbage-first heap   total 131072K, used 19456K [0x0000000080000000, 0x0000000100000000)
  region size 1024K, 14 young (14336K), 0 survivors (0K)
 Metaspace       used 7593K, capacity 7733K, committed 7936K, reserved 1056768K
  class space    used 706K, capacity 749K, committed 768K, reserved 1048576K
}
Event: 1.484 GC heap after
{Heap after GC invocations=1 (full 0):
 garbage-first heap   total 131072K, used 8207K [0x0000000080000000, 0x0000000100000000)
  region size 1024K, 2 young (2048K), 2 survivors (2048K)
 Metaspace       used 7593K, capacity 7733K, committed 7936K, reserved 1056768K
  class space    used 706K, capacity 749K, committed 768K, reserved 1048576K
}
Event: 2.126 GC heap before
{Heap before GC invocations=1 (full 0):
 garbage-first heap   total 131072K, used 20495K [0x0000000080000000, 0x0000000100000000)
  region size 1024K, 14 young (14336K), 2 survivors (2048K)
 Metaspace       used 10511K, capacity 10761K, committed 11008K, reserved 1058816K
  class space    used 1101K, capacity 1164K, committed 1280K, reserved 1048576K
}
Event: 2.130 GC heap after
{Heap after GC invocations=2 (full 0):
 garbage-first heap   total 131072K, used 8884K [0x0000000080000000, 0x0000000100000000)
  region size 1024K, 1 young (1024K), 1 survivors (1024K)
 Metaspace       used 10511K, capacity 10761K, committed 11008K, reserved 1058816K
  class space    used 1101K, capacity 1164K, committed 1280K, reserved 1048576K
}
Event: 3.130 GC heap before
{Heap before GC invocations=2 (full 0):
 garbage-first heap   total 131072K, used 37556K [0x0000000080000000, 0x0000000100000000)
  region size 1024K, 30 young (30720K), 1 survivors (1024K)
 Metaspace       used 10792K, capacity 11105K, committed 11264K, reserved 1058816K
  class space    used 1133K, capacity 1236K, committed 1280K, reserved 1048576K
}
Event: 3.135 GC heap after
{Heap after GC invocations=3 (full 0):
 garbage-first heap   total 131072K, used 13159K [0x0000000080000000, 0x0000000100000000)
  region size 1024K, 4 young (4096K), 4 survivors (4096K)
 Metaspace       used 10792K, capacity 11105K, committed 11264K, reserved 1058816K
  class space    used 1133K, capacity 1236K, committed 1280K, reserved 1048576K
}
Event: 5.332 GC heap before
{Heap before GC invocations=3 (full 0):
 garbage-first heap   total 131072K, used 56167K [0x0000000080000000, 0x0000000100000000)
  region size 1024K, 46 young (47104K), 4 survivors (4096K)
 Metaspace       used 19671K, capacity 20099K, committed 20224K, reserved 1067008K
  class space    used 2370K, capacity 2500K, committed 2560K, reserved 1048576K
}
Event: 5.361 GC heap after
{Heap after GC invocations=4 (full 0):
 garbage-first heap   total 131072K, used 16283K [0x0000000080000000, 0x0000000100000000)
  region size 1024K, 4 young (4096K), 4 survivors (4096K)
 Metaspace       used 19671K, capacity 20099K, committed 20224K, reserved 1067008K
  class space    used 2370K, capacity 2500K, committed 2560K, reserved 1048576K
}
Event: 5.459 GC heap before
{Heap before GC invocations=4 (full 0):
 garbage-first heap   total 131072K, used 19355K [0x0000000080000000, 0x0000000100000000)
  region size 1024K, 7 young (7168K), 4 survivors (4096K)
 Metaspace       used 20649K, capacity 21042K, committed 21248K, reserved 1069056K
  class space    used 2425K, capacity 2541K, committed 2560K, reserved 1048576K
}
Event: 5.469 GC heap after
{Heap after GC invocations=5 (full 0):
 garbage-first heap   total 131072K, used 16114K [0x0000000080000000, 0x0000000100000000)
  region size 1024K, 3 young (3072K), 3 survivors (3072K)
 Metaspace       used 20649K, capacity 21042K, committed 21248K, reserved 1069056K
  class space    used 2425K, capacity 2541K, committed 2560K, reserved 1048576K
}
Event: 7.108 GC heap before
{Heap before GC invocations=6 (full 0):
 garbage-first heap   total 131072K, used 72434K [0x0000000080000000, 0x0000000100000000)
  region size 1024K, 58 young (59392K), 3 survivors (3072K)
 Metaspace       used 27417K, capacity 28052K, committed 28412K, reserved 1073152K
  class space    used 3522K, capacity 3713K, committed 3840K, reserved 1048576K
}
Event: 7.121 GC heap after
{Heap after GC invocations=7 (full 0):
 garbage-first heap   total 131072K, used 18330K [0x0000000080000000, 0x0000000100000000)
  region size 1024K, 6 young (6144K), 6 survivors (6144K)
 Metaspace       used 27417K, capacity 28052K, committed 28412K, reserved 1073152K
  class space    used 3522K, capacity 3713K, committed 3840K, reserved 1048576K
}
Event: 8.238 GC heap before
{Heap before GC invocations=7 (full 0):
 garbage-first heap   total 131072K, used 56218K [0x0000000080000000, 0x0000000100000000)
  region size 1024K, 44 young (45056K), 6 survivors (6144K)
 Metaspace       used 35197K, capacity 35882K, committed 36048K, reserved 1081344K
  class space    used 4486K, capacity 4748K, committed 4864K, reserved 1048576K
}
Event: 8.255 GC heap after
{Heap after GC invocations=8 (full 0):
 garbage-first heap   total 131072K, used 21750K [0x0000000080000000, 0x0000000100000000)
  region size 1024K, 6 young (6144K), 6 survivors (6144K)
 Metaspace       used 35197K, capacity 35882K, committed 36048K, reserved 1081344K
  class space    used 4486K, capacity 4748K, committed 4864K, reserved 1048576K
}
Event: 9.746 GC heap before
{Heap before GC invocations=9 (full 0):
 garbage-first heap   total 131072K, used 87286K [0x0000000080000000, 0x0000000100000000)
  region size 1024K, 68 young (69632K), 6 survivors (6144K)
 Metaspace       used 41007K, capacity 41902K, committed 42192K, reserved 1085440K
  class space    used 5264K, capacity 5594K, committed 5632K, reserved 1048576K
}

